<?xml version="1.0" encoding="UTF-8"?>
<coverage generated="1565406701356" clover="3.2.0">
  <project timestamp="1565406701356" name="All files">
    <metrics statements="28" coveredstatements="25" conditionals="14" coveredconditionals="13" methods="3" coveredmethods="2" elements="45" coveredelements="40" complexity="0" loc="28" ncloc="28" packages="1" files="1" classes="1"/>
    <file name="app.js" path="C:\Users\Celeste Primaz\Documents\PastaGitLP3\LP3_2019_2\aula1\app.js">
      <metrics statements="28" coveredstatements="25" conditionals="14" coveredconditionals="13" methods="3" coveredmethods="2"/>
      <line num="1" count="1" type="stmt"/>
      <line num="3" count="1" type="stmt"/>
      <line num="6" count="1" type="stmt"/>
      <line num="7" count="0" type="stmt"/>
      <line num="8" count="0" type="stmt"/>
      <line num="9" count="0" type="stmt"/>
      <line num="12" count="1" type="stmt"/>
      <line num="14" count="3" type="stmt"/>
      <line num="16" count="3" type="stmt"/>
      <line num="17" count="3" type="stmt"/>
      <line num="20" count="1" type="stmt"/>
      <line num="21" count="13" type="stmt"/>
      <line num="22" count="13" type="stmt"/>
      <line num="24" count="13" type="stmt"/>
      <line num="26" count="13" type="cond" truecount="2" falsecount="0"/>
      <line num="27" count="13" type="stmt"/>
      <line num="28" count="117" type="stmt"/>
      <line num="29" count="13" type="stmt"/>
      <line num="31" count="13" type="cond" truecount="3" falsecount="1"/>
      <line num="32" count="13" type="cond" truecount="2" falsecount="0"/>
      <line num="34" count="13" type="stmt"/>
      <line num="35" count="13" type="stmt"/>
      <line num="36" count="130" type="stmt"/>
      <line num="37" count="13" type="stmt"/>
      <line num="39" count="13" type="cond" truecount="4" falsecount="0"/>
      <line num="40" count="13" type="cond" truecount="2" falsecount="0"/>
      <line num="41" count="11" type="stmt"/>
      <line num="45" count="1" type="stmt"/>
    </file>
  </project>
</coverage>
