{"C:\\Users\\Celeste Primaz\\Documents\\PastaGitLP3\\LP3_2019_2\\aula1\\app.js": {"path":"C:\\Users\\Celeste Primaz\\Documents\\PastaGitLP3\\LP3_2019_2\\aula1\\app.js","statementMap":{"0":{"start":{"line":1,"column":16},"end":{"line":1,"column":34}},"1":{"start":{"line":3,"column":12},"end":{"line":3,"column":21}},"2":{"start":{"line":6,"column":0},"end":{"line":10,"column":4}},"3":{"start":{"line":7,"column":20},"end":{"line":7,"column":30}},"4":{"start":{"line":8,"column":4},"end":{"line":8,"column":47}},"5":{"start":{"line":9,"column":4},"end":{"line":9,"column":24}},"6":{"start":{"line":12,"column":0},"end":{"line":18,"column":5}},"7":{"start":{"line":14,"column":14},"end":{"line":14,"column":28}},"8":{"start":{"line":16,"column":4},"end":{"line":16,"column":43}},"9":{"start":{"line":17,"column":4},"end":{"line":17,"column":34}},"10":{"start":{"line":20,"column":1},"end":{"line":43,"column":3}},"11":{"start":{"line":21,"column":14},"end":{"line":21,"column":28}},"12":{"start":{"line":22,"column":15},"end":{"line":22,"column":16}},"13":{"start":{"line":24,"column":4},"end":{"line":24,"column":13}},"14":{"start":{"line":26,"column":2},"end":{"line":26,"column":54}},"15":{"start":{"line":26,"column":28},"end":{"line":26,"column":54}},"16":{"start":{"line":27,"column":4},"end":{"line":28,"column":61}},"17":{"start":{"line":28,"column":4},"end":{"line":28,"column":61}},"18":{"start":{"line":29,"column":4},"end":{"line":29,"column":27}},"19":{"start":{"line":31,"column":4},"end":{"line":31,"column":45}},"20":{"start":{"line":31,"column":37},"end":{"line":31,"column":45}},"21":{"start":{"line":32,"column":8},"end":{"line":32,"column":79}},"22":{"start":{"line":32,"column":52},"end":{"line":32,"column":79}},"23":{"start":{"line":34,"column":4},"end":{"line":34,"column":13}},"24":{"start":{"line":35,"column":8},"end":{"line":36,"column":62}},"25":{"start":{"line":36,"column":5},"end":{"line":36,"column":62}},"26":{"start":{"line":37,"column":5},"end":{"line":37,"column":28}},"27":{"start":{"line":39,"column":4},"end":{"line":39,"column":45}},"28":{"start":{"line":39,"column":37},"end":{"line":39,"column":45}},"29":{"start":{"line":40,"column":5},"end":{"line":40,"column":78}},"30":{"start":{"line":40,"column":51},"end":{"line":40,"column":78}},"31":{"start":{"line":41,"column":5},"end":{"line":41,"column":31}},"32":{"start":{"line":45,"column":0},"end":{"line":45,"column":21}}},"fnMap":{"0":{"name":"(anonymous_0)","decl":{"start":{"line":6,"column":17},"end":{"line":6,"column":18}},"loc":{"start":{"line":6,"column":31},"end":{"line":10,"column":1}},"line":6},"1":{"name":"(anonymous_1)","decl":{"start":{"line":12,"column":26},"end":{"line":12,"column":27}},"loc":{"start":{"line":12,"column":43},"end":{"line":18,"column":2}},"line":12},"2":{"name":"(anonymous_2)","decl":{"start":{"line":20,"column":22},"end":{"line":20,"column":23}},"loc":{"start":{"line":20,"column":36},"end":{"line":43,"column":1}},"line":20}},"branchMap":{"0":{"loc":{"start":{"line":26,"column":2},"end":{"line":26,"column":54}},"type":"if","locations":[{"start":{"line":26,"column":2},"end":{"line":26,"column":54}},{"start":{"line":26,"column":2},"end":{"line":26,"column":54}}],"line":26},"1":{"loc":{"start":{"line":31,"column":4},"end":{"line":31,"column":45}},"type":"if","locations":[{"start":{"line":31,"column":4},"end":{"line":31,"column":45}},{"start":{"line":31,"column":4},"end":{"line":31,"column":45}}],"line":31},"2":{"loc":{"start":{"line":31,"column":8},"end":{"line":31,"column":34}},"type":"binary-expr","locations":[{"start":{"line":31,"column":9},"end":{"line":31,"column":18}},{"start":{"line":31,"column":24},"end":{"line":31,"column":33}}],"line":31},"3":{"loc":{"start":{"line":32,"column":8},"end":{"line":32,"column":79}},"type":"if","locations":[{"start":{"line":32,"column":8},"end":{"line":32,"column":79}},{"start":{"line":32,"column":8},"end":{"line":32,"column":79}}],"line":32},"4":{"loc":{"start":{"line":39,"column":4},"end":{"line":39,"column":45}},"type":"if","locations":[{"start":{"line":39,"column":4},"end":{"line":39,"column":45}},{"start":{"line":39,"column":4},"end":{"line":39,"column":45}}],"line":39},"5":{"loc":{"start":{"line":39,"column":8},"end":{"line":39,"column":34}},"type":"binary-expr","locations":[{"start":{"line":39,"column":9},"end":{"line":39,"column":18}},{"start":{"line":39,"column":24},"end":{"line":39,"column":33}}],"line":39},"6":{"loc":{"start":{"line":40,"column":5},"end":{"line":40,"column":78}},"type":"if","locations":[{"start":{"line":40,"column":5},"end":{"line":40,"column":78}},{"start":{"line":40,"column":5},"end":{"line":40,"column":78}}],"line":40}},"s":{"0":1,"1":1,"2":1,"3":0,"4":0,"5":0,"6":1,"7":3,"8":3,"9":3,"10":1,"11":13,"12":13,"13":13,"14":13,"15":1,"16":13,"17":117,"18":13,"19":13,"20":0,"21":13,"22":2,"23":13,"24":13,"25":130,"26":13,"27":13,"28":1,"29":13,"30":6,"31":11,"32":1},"f":{"0":0,"1":3,"2":13},"b":{"0":[1,12],"1":[0,13],"2":[13,13],"3":[2,11],"4":[1,12],"5":[13,12],"6":[6,7]},"_coverageSchema":"43e27e138ebf9cfc5966b082cf9a028302ed4184","hash":"6564452c2974928d85fe6ced5e045c837aea7431"}
}
