TN:
SF:C:\Users\Celeste Primaz\Documents\PastaGitLP3\LP3_2019_2\aula1\app.js
FN:6,(anonymous_0)
FN:12,(anonymous_1)
FN:20,(anonymous_2)
FNF:3
FNH:2
FNDA:0,(anonymous_0)
FNDA:3,(anonymous_1)
FNDA:13,(anonymous_2)
DA:1,1
DA:3,1
DA:6,1
DA:7,0
DA:8,0
DA:9,0
DA:12,1
DA:14,3
DA:16,3
DA:17,3
DA:20,1
DA:21,13
DA:22,13
DA:24,13
DA:26,13
DA:27,13
DA:28,117
DA:29,13
DA:31,13
DA:32,13
DA:34,13
DA:35,13
DA:36,130
DA:37,13
DA:39,13
DA:40,13
DA:41,11
DA:45,1
LF:28
LH:25
BRDA:26,0,0,1
BRDA:26,0,1,12
BRDA:31,1,0,0
BRDA:31,1,1,13
BRDA:31,2,0,13
BRDA:31,2,1,13
BRDA:32,3,0,2
BRDA:32,3,1,11
BRDA:39,4,0,1
BRDA:39,4,1,12
BRDA:39,5,0,13
BRDA:39,5,1,12
BRDA:40,6,0,6
BRDA:40,6,1,7
BRF:14
BRH:13
end_of_record
